<?xml version="1.0" encoding="UTF-8"?>
<!-- Generated by org.testng.reporters.JUnitXMLReporter -->
<testsuite ignored="0" hostname="BARACUDA-PC" failures="0" tests="7" name="Regression1" time="0.128" errors="0" timestamp="2024-02-20T17:53:13 EAT">
  <testcase classname="com.votifysoft.App" name="testActual" time="0.004"/>
  <testcase classname="com.votifysoft.UserBeanTest" name="testAddOrUpdateUser_DuplicateUser" time="0.001"/>
  <testcase classname="com.votifysoft.UserBeanTest" name="testAddOrUpdateUser_Exception" time="0.001"/>
  <testcase classname="com.votifysoft.UserBeanTest" name="testAddOrUpdateUser_Success" time="0.001"/>
  <testcase classname="com.votifysoft.UserBeanTest" name="testGetAllUsers" time="0.012"/>
  <testcase classname="com.votifysoft.UserBeanTest" name="testGetUserById" time="0.003"/>
  <testcase classname="com.votifysoft.UserBeanTest" name="testGetUserById_UserNotFound" time="0.001"/>
</testsuite> <!-- Regression1 -->
