<?xml version="1.0" encoding="UTF-8"?>
<!-- Generated by org.testng.reporters.JUnitXMLReporter -->
<testsuite ignored="0" hostname="BARACUDA-PC" failures="5" tests="7" name="Regression1" time="0.072" errors="0" timestamp="2024-02-19T15:40:43 EAT">
  <testcase classname="com.votifysoft.App" name="testActual" time="0.001"/>
  <testcase classname="com.votifysoft.UserBeanTest" name="testAddOrUpdateUser_DuplicateUser" time="0.002">
    <failure type="org.testng.TestException" message="
Expected exception of type class java.sql.SQLException but got java.lang.NullPointerException: Cannot invoke &amp;quot;com.votifysoft.app.dao.GenericDaoI.setEm(javax.persistence.EntityManager)&amp;quot; because &amp;quot;this.genericDao&amp;quot; is null">
      <![CDATA[org.testng.TestException: 
Expected exception of type class java.sql.SQLException but got java.lang.NullPointerException: Cannot invoke "com.votifysoft.app.dao.GenericDaoI.setEm(javax.persistence.EntityManager)" because "this.genericDao" is null
at java.base/java.util.ArrayList.forEach(ArrayList.java:1511)
Caused by: java.lang.NullPointerException: Cannot invoke "com.votifysoft.app.dao.GenericDaoI.setEm(javax.persistence.EntityManager)" because "this.genericDao" is null
at com.votifysoft.app.beans.GenericBean.list(GenericBean.java:22)
at com.votifysoft.app.beans.UserBean.addOrUpdate(UserBean.java:30)
at com.votifysoft.UserBeanTest.testAddOrUpdateUser_DuplicateUser(UserBeanTest.java:54)
... 26 more
... Removed 34 stack frames]]>
    </failure>
  </testcase> <!-- testAddOrUpdateUser_DuplicateUser -->
  <testcase classname="com.votifysoft.UserBeanTest" name="testAddOrUpdateUser_Exception" time="0.001"/>
  <testcase classname="com.votifysoft.UserBeanTest" name="testAddOrUpdateUser_Success" time="0.0">
    <failure type="java.lang.NullPointerException" message="Cannot invoke &amp;quot;com.votifysoft.app.dao.GenericDaoI.setEm(javax.persistence.EntityManager)&amp;quot; because &amp;quot;this.genericDao&amp;quot; is null">
      <![CDATA[java.lang.NullPointerException: Cannot invoke "com.votifysoft.app.dao.GenericDaoI.setEm(javax.persistence.EntityManager)" because "this.genericDao" is null
at com.votifysoft.app.beans.GenericBean.list(GenericBean.java:22)
at com.votifysoft.app.beans.UserBean.addOrUpdate(UserBean.java:30)
at com.votifysoft.UserBeanTest.testAddOrUpdateUser_Success(UserBeanTest.java:40)
at java.base/java.util.ArrayList.forEach(ArrayList.java:1511)
... Removed 31 stack frames]]>
    </failure>
  </testcase> <!-- testAddOrUpdateUser_Success -->
  <testcase classname="com.votifysoft.UserBeanTest" name="testGetAllUsers" time="0.001">
    <failure type="java.lang.NullPointerException" message="Cannot invoke &amp;quot;javax.persistence.EntityManager.createNativeQuery(String, java.lang.Class)&amp;quot; because &amp;quot;this.em&amp;quot; is null">
      <![CDATA[java.lang.NullPointerException: Cannot invoke "javax.persistence.EntityManager.createNativeQuery(String, java.lang.Class)" because "this.em" is null
at com.votifysoft.app.beans.UserBean.getAllUsers(UserBean.java:60)
at com.votifysoft.UserBeanTest.testGetAllUsers(UserBeanTest.java:84)
at java.base/java.util.ArrayList.forEach(ArrayList.java:1511)
... Removed 31 stack frames]]>
    </failure>
  </testcase> <!-- testGetAllUsers -->
  <testcase classname="com.votifysoft.UserBeanTest" name="testGetUserById" time="0.001">
    <failure type="java.lang.NullPointerException" message="Cannot invoke &amp;quot;javax.persistence.EntityManager.createNativeQuery(String, java.lang.Class)&amp;quot; because &amp;quot;this.em&amp;quot; is null">
      <![CDATA[java.lang.NullPointerException: Cannot invoke "javax.persistence.EntityManager.createNativeQuery(String, java.lang.Class)" because "this.em" is null
at com.votifysoft.app.beans.UserBean.getUserById(UserBean.java:51)
at com.votifysoft.UserBeanTest.testGetUserById(UserBeanTest.java:70)
at java.base/java.util.ArrayList.forEach(ArrayList.java:1511)
... Removed 31 stack frames]]>
    </failure>
  </testcase> <!-- testGetUserById -->
  <testcase classname="com.votifysoft.UserBeanTest" name="testGetUserById_UserNotFound" time="0.001">
    <failure type="java.lang.NullPointerException" message="Cannot invoke &amp;quot;javax.persistence.EntityManager.createNativeQuery(String, java.lang.Class)&amp;quot; because &amp;quot;this.em&amp;quot; is null">
      <![CDATA[java.lang.NullPointerException: Cannot invoke "javax.persistence.EntityManager.createNativeQuery(String, java.lang.Class)" because "this.em" is null
at com.votifysoft.app.beans.UserBean.getUserById(UserBean.java:51)
at com.votifysoft.UserBeanTest.testGetUserById_UserNotFound(UserBeanTest.java:78)
at java.base/java.util.ArrayList.forEach(ArrayList.java:1511)
... Removed 31 stack frames]]>
    </failure>
  </testcase> <!-- testGetUserById_UserNotFound -->
</testsuite> <!-- Regression1 -->
