<?xml version="1.0" encoding="UTF-8"?>
<testsuite xmlns:xsi="http://www.w3.org/2001/XMLSchema-instance" xsi:noNamespaceSchemaLocation="https://maven.apache.org/surefire/maven-surefire-plugin/xsd/surefire-test-report-3.0.xsd" version="3.0" name="TestSuite" time="0.947" tests="7" errors="0" skipped="0" failures="0">
  <properties>
[...]
</properties>
  <testcase name="testActual" classname="com.votifysoft.App" time="0.011">
    <system-out><![CDATA[This is executed!!
Second to be executed!!
]]></system-out>
    <system-err><![CDATA[SLF4J: Failed to load class "org.slf4j.impl.StaticLoggerBinder".
SLF4J: Defaulting to no-operation (NOP) logger implementation
SLF4J: See http://www.slf4j.org/codes.html#StaticLoggerBinder for further details.
]]></system-err>
  </testcase>
  <testcase name="testAddOrUpdateUser_DuplicateUser" classname="com.votifysoft.UserBeanTest" time="0"/>
  <testcase name="testAddOrUpdateUser_Exception" classname="com.votifysoft.UserBeanTest" time="0.001"/>
  <testcase name="testAddOrUpdateUser_Success" classname="com.votifysoft.UserBeanTest" time="0.001"/>
  <testcase name="testGetAllUsers" classname="com.votifysoft.UserBeanTest" time="0.003"/>
  <testcase name="testGetUserById" classname="com.votifysoft.UserBeanTest" time="0.001"/>
  <testcase name="testGetUserById_UserNotFound" classname="com.votifysoft.UserBeanTest" time="0.002"/>
</testsuite>